<?xml version="1.0" encoding="UTF-8"?>
<testng-results skipped="0" failed="0" ignored="0" total="1" passed="1">
  <reporter-output>
  </reporter-output>
  <suite name="Suite" duration-ms="56" started-at="2017-03-19T07:48:43Z" finished-at="2017-03-19T07:48:43Z">
    <groups>
    </groups>
    <test name="Test" duration-ms="56" started-at="2017-03-19T07:48:43Z" finished-at="2017-03-19T07:48:43Z">
      <class name="ProgramOne">
        <test-method status="PASS" signature="display()[pri:0, instance:ProgramOne@4aed64]" name="display" duration-ms="10" started-at="2017-03-19T13:18:43Z" finished-at="2017-03-19T13:18:43Z">
          <reporter-output>
          </reporter-output>
        </test-method> <!-- display -->
      </class> <!-- ProgramOne -->
    </test> <!-- Test -->
  </suite> <!-- Suite -->
</testng-results>
